<?xml version="1.0" encoding="UTF-8"?>
<!-- Generated by org.testng.reporters.JUnitXMLReporter -->
<testsuite hostname="AU3POMP1DBQTL" ignored="0" name="CaseTest" tests="4" failures="0" timestamp="03 abr 2019 13:56:38 GMT" time="35.426" errors="0">
  <testcase name="loginTest" time="11.005" classname="com.sqa.automation.test.AdherenceTest"/>
  <testcase name="navegationTest" time="11.625" classname="com.sqa.automation.test.AdherenceTest"/>
  <testcase name="ValidateProcedure" time="3.043" classname="com.sqa.automation.test.AdherenceTest"/>
  <testcase name="clouseAS400" time="6.806" classname="com.sqa.automation.test.AdherenceTest"/>
</testsuite> <!-- CaseTest -->
