-------------------------------------------------------------------------------
Test set: TestSuite
-------------------------------------------------------------------------------
Tests run: 4, Failures: 1, Errors: 0, Skipped: 0, Time elapsed: 31.69 sec <<< FAILURE! - in TestSuite
ValidateProcedure(com.sqa.automation.test.AdherenceTest)  Time elapsed: 3.061 sec  <<< FAILURE!
java.lang.AssertionError: null
	at com.sqa.automation.test.AdherenceTest.ValidateProcedure(AdherenceTest.java:45)

